# kubectl -n kube-system logs -f cola-manager-x8slq 
time="2024-05-07T03:06:40Z" level=info msg="cola device plugin starting"
time="2024-05-07T03:06:40Z" level=info msg="find device 'file1'"
time="2024-05-07T03:06:40Z" level=info msg="watching devices"
time="2024-05-07T03:06:40Z" level=info msg="Register to kubelet with endpoint cola.sock"
time="2024-05-07T03:06:40Z" level=info msg="start GRPC server for 'myway5.com/cola'"
time="2024-05-07T03:06:40Z" level=info msg="register to kubelet successfully"
time="2024-05-07T03:06:40Z" level=info msg="device plugin socket name: /var/lib/kubelet/device-plugins/kubelet.sock"
time="2024-05-07T03:06:40Z" level=info msg="watching kubelet.sock"
time="2024-05-07T03:06:40Z" level=info msg="ListAndWatch called"
time="2024-05-07T03:06:40Z" level=info msg="waiting for device change"
time="2024-05-07T03:06:40Z" level=info msg="watch kubelet event: CREATE, event name: /var/lib/kubelet/device-plugins/.520785213, isCreate: true"
time="2024-05-07T03:06:40Z" level=info msg="watch kubelet event: WRITE, event name: /var/lib/kubelet/device-plugins/.520785213, isCreate: false"
time="2024-05-07T03:06:40Z" level=info msg="watch kubelet event: RENAME, event name: /var/lib/kubelet/device-plugins/.520785213, isCreate: false"
time="2024-05-07T03:06:40Z" level=info msg="watch kubelet event: CREATE, event name: /var/lib/kubelet/device-plugins/kubelet_internal_checkpoint, isCreate: true"
time="2024-05-07T03:07:41Z" level=info msg="watch kubelet event: CREATE, event name: /var/lib/kubelet/device-plugins/.015787384, isCreate: true"
time="2024-05-07T03:07:41Z" level=info msg="watch kubelet event: WRITE, event name: /var/lib/kubelet/device-plugins/.015787384, isCreate: false"
time="2024-05-07T03:07:41Z" level=info msg="watch kubelet event: RENAME, event name: /var/lib/kubelet/device-plugins/.015787384, isCreate: false"
time="2024-05-07T03:07:41Z" level=info msg="watch kubelet event: CREATE, event name: /var/lib/kubelet/device-plugins/kubelet_internal_checkpoint, isCreate: true"
time="2024-05-07T03:07:41Z" level=info msg="watch kubelet event: CREATE, event name: /var/lib/kubelet/device-plugins/.438873207, isCreate: true"
time="2024-05-07T03:07:41Z" level=info msg="watch kubelet event: WRITE, event name: /var/lib/kubelet/device-plugins/.438873207, isCreate: false"
time="2024-05-07T03:07:41Z" level=info msg="watch kubelet event: RENAME, event name: /var/lib/kubelet/device-plugins/.438873207, isCreate: false"
time="2024-05-07T03:07:41Z" level=info msg="watch kubelet event: CREATE, event name: /var/lib/kubelet/device-plugins/kubelet_internal_checkpoint, isCreate: true"
time="2024-05-07T03:08:14Z" level=info msg="Allocate called"
time="2024-05-07T03:08:14Z" level=info msg="received request: \x82n\x81B婧8\xafw\x9f_I\f\xf5\xf5"
time="2024-05-07T03:08:14Z" level=info msg="watch kubelet event: CREATE, event name: /var/lib/kubelet/device-plugins/.690290220, isCreate: true"
time="2024-05-07T03:08:14Z" level=info msg="watch kubelet event: WRITE, event name: /var/lib/kubelet/device-plugins/.690290220, isCreate: false"
time="2024-05-07T03:08:14Z" level=info msg="watch kubelet event: RENAME, event name: /var/lib/kubelet/device-plugins/.690290220, isCreate: false"
time="2024-05-07T03:08:14Z" level=info msg="watch kubelet event: CREATE, event name: /var/lib/kubelet/device-plugins/kubelet_internal_checkpoint, isCreate: true"